<?xml version="1.0" encoding="UTF-8"?>
<!-- Generated by org.testng.reporters.JUnitXMLReporter -->
<testsuite ignored="2" hostname="Trents-MacBook-Pro-2.local" failures="0" tests="4" name="Postman Tests - chrome" time="40.543" errors="0" timestamp="2021-01-24T14:31:51 AST">
  <testcase classname="com.postman.test.selenium.SeleniumTest" name="testCreateNewPersonalWorkspace" time="2.031"/>
  <testcase classname="com.postman.test.selenium.SeleniumTest" name="testReturnWorkspaceList" time="6.913"/>
  <testcase classname="com.postman.test.selenium.SeleniumTest" name="testUpdateWorkspace" time="4.21"/>
  <testcase classname="com.postman.test.selenium.SeleniumTest" name="testDeleteWorkspace" time="2.729"/>
  <testcase classname="com.postman.test.selenium.BaseTest" name="@BeforeSuite suiteRun" time="0.0">
    <ignored/>
  </testcase> <!-- @BeforeSuite suiteRun -->
  <testcase classname="com.postman.test.selenium.BaseTest" name="@AfterSuite tearDown" time="0.0">
    <ignored/>
  </testcase> <!-- @AfterSuite tearDown -->
</testsuite> <!-- Postman Tests - chrome -->
