<?xml version="1.0" encoding="UTF-8"?>
<!-- Generated by org.testng.reporters.JUnitXMLReporter -->
<testsuite hostname="MHK-LENOVO1772" ignored="2" name="Postman Tests - chrome" tests="4" failures="0" timestamp="2021-01-18T19:58:06 CST" time="46.592" errors="0">
  <testcase name="testCreateNewPersonalWorkspace" time="7.808" classname="com.postman.test.selenium.SeleniumTest"/>
  <testcase name="testReturnWorkspaceList" time="4.834" classname="com.postman.test.selenium.SeleniumTest"/>
  <testcase name="testUpdateWorkspace" time="5.658" classname="com.postman.test.selenium.SeleniumTest"/>
  <testcase name="testDeleteWorkspace" time="2.074" classname="com.postman.test.selenium.SeleniumTest"/>
  <testcase name="@BeforeSuite suiteRun" time="0.0" classname="com.postman.test.selenium.BaseTest">
    <ignored/>
  </testcase> <!-- @BeforeSuite suiteRun -->
  <testcase name="@AfterSuite tearDown" time="0.0" classname="com.postman.test.selenium.BaseTest">
    <ignored/>
  </testcase> <!-- @AfterSuite tearDown -->
</testsuite> <!-- Postman Tests - chrome -->
