<?xml version="1.0" encoding="UTF-8"?>
<testng-results skipped="0" failed="1" ignored="2" total="6" passed="3">
  <reporter-output>
  </reporter-output>
  <suite name="Postman Tests" duration-ms="57561" started-at="2021-01-20T09:33:22 CST" finished-at="2021-01-20T09:34:20 CST">
    <groups>
    </groups>
    <test name="Postman Tests - firefox" duration-ms="57561" started-at="2021-01-20T09:33:22 CST" finished-at="2021-01-20T09:34:20 CST">
      <class name="com.postman.test.selenium.BaseTest">
        <test-method status="PASS" signature="suiteRun()[pri:0, instance:com.postman.test.selenium.BaseTest@68bd8ca7]" name="suiteRun" is-config="true" duration-ms="11859" started-at="2021-01-20T09:33:10 CST" finished-at="2021-01-20T09:33:22 CST">
          <reporter-output>
          </reporter-output>
        </test-method> <!-- suiteRun -->
        <test-method status="PASS" signature="tearDown()[pri:0, instance:com.postman.test.selenium.BaseTest@68bd8ca7]" name="tearDown" is-config="true" duration-ms="1683" started-at="2021-01-20T09:34:20 CST" finished-at="2021-01-20T09:34:21 CST">
          <reporter-output>
          </reporter-output>
        </test-method> <!-- tearDown -->
      </class> <!-- com.postman.test.selenium.BaseTest -->
      <class name="com.postman.test.selenium.SeleniumTest">
        <test-method status="PASS" signature="logIn()[pri:0, instance:com.postman.test.selenium.SeleniumTest@27da994b]" name="logIn" is-config="true" duration-ms="6238" started-at="2021-01-20T09:33:22 CST" finished-at="2021-01-20T09:33:28 CST">
          <reporter-output>
          </reporter-output>
        </test-method> <!-- logIn -->
        <test-method status="PASS" signature="testCreateNewPersonalWorkspace()[pri:1, instance:com.postman.test.selenium.SeleniumTest@27da994b]" name="testCreateNewPersonalWorkspace" duration-ms="10156" started-at="2021-01-20T09:33:28 CST" finished-at="2021-01-20T09:33:38 CST">
          <reporter-output>
          </reporter-output>
        </test-method> <!-- testCreateNewPersonalWorkspace -->
        <test-method status="PASS" signature="logIn()[pri:0, instance:com.postman.test.selenium.SeleniumTest@27da994b]" name="logIn" is-config="true" duration-ms="6609" started-at="2021-01-20T09:33:38 CST" finished-at="2021-01-20T09:33:45 CST">
          <reporter-output>
          </reporter-output>
        </test-method> <!-- logIn -->
        <test-method status="PASS" signature="testReturnWorkspaceList()[pri:2, instance:com.postman.test.selenium.SeleniumTest@27da994b]" name="testReturnWorkspaceList" duration-ms="9423" started-at="2021-01-20T09:33:45 CST" depends-on-methods="com.postman.test.selenium.SeleniumTest.testCreateNewPersonalWorkspace" finished-at="2021-01-20T09:33:54 CST">
          <reporter-output>
          </reporter-output>
        </test-method> <!-- testReturnWorkspaceList -->
        <test-method status="PASS" signature="logIn()[pri:0, instance:com.postman.test.selenium.SeleniumTest@27da994b]" name="logIn" is-config="true" duration-ms="6239" started-at="2021-01-20T09:33:54 CST" finished-at="2021-01-20T09:34:01 CST">
          <reporter-output>
          </reporter-output>
        </test-method> <!-- logIn -->
        <test-method status="PASS" signature="testUpdateWorkspace()[pri:3, instance:com.postman.test.selenium.SeleniumTest@27da994b]" name="testUpdateWorkspace" duration-ms="9480" started-at="2021-01-20T09:34:01 CST" depends-on-methods="com.postman.test.selenium.SeleniumTest.testCreateNewPersonalWorkspace" finished-at="2021-01-20T09:34:10 CST">
          <reporter-output>
          </reporter-output>
        </test-method> <!-- testUpdateWorkspace -->
        <test-method status="PASS" signature="logIn()[pri:0, instance:com.postman.test.selenium.SeleniumTest@27da994b]" name="logIn" is-config="true" duration-ms="5506" started-at="2021-01-20T09:34:10 CST" finished-at="2021-01-20T09:34:16 CST">
          <reporter-output>
          </reporter-output>
        </test-method> <!-- logIn -->
        <test-method status="FAIL" signature="testDeleteWorkspace()[pri:4, instance:com.postman.test.selenium.SeleniumTest@27da994b]" name="testDeleteWorkspace" duration-ms="3862" started-at="2021-01-20T09:34:16 CST" depends-on-methods="com.postman.test.selenium.SeleniumTest.testCreateNewPersonalWorkspace" finished-at="2021-01-20T09:34:20 CST">
          <exception class="org.openqa.selenium.ElementClickInterceptedException">
            <message>
              <![CDATA[Element <span class="icon-user-avatar-default pm-user-avatar-icon pm-user-avatar-icon-8 pm-icon-md"> is not clickable at point (1378,24) because another element <div class="ReactModal__Overlay ReactModal__Overlay--after-open"> obscures it
Build info: version: '3.141.59', revision: 'e82be7d358', time: '2018-11-14T08:17:03'
System info: host: 'MHK-LENOVO1772', ip: '192.168.56.1', os.name: 'Windows 10', os.arch: 'amd64', os.version: '10.0', java.version: '1.8.0_144'
Driver info: org.openqa.selenium.firefox.FirefoxDriver
Capabilities {acceptInsecureCerts: true, browserName: firefox, browserVersion: 84.0.2, javascriptEnabled: true, moz:accessibilityChecks: false, moz:buildID: 20210105180113, moz:geckodriverVersion: 0.29.0, moz:headless: false, moz:processID: 27948, moz:profile: C:\Users\strego\AppData\Loc..., moz:shutdownTimeout: 60000, moz:useNonSpecCompliantPointerOrigin: false, moz:webdriverClick: true, pageLoadStrategy: normal, platform: WINDOWS, platformName: WINDOWS, platformVersion: 10.0, rotatable: false, setWindowRect: true, strictFileInteractability: false, timeouts: {implicit: 0, pageLoad: 300000, script: 30000}, unhandledPromptBehavior: dismiss and notify}
Session ID: f6a6e90a-8b77-4771-bf1c-ec378f6e941e]]>
            </message>
            <full-stacktrace>
              <![CDATA[org.openqa.selenium.ElementClickInterceptedException: Element <span class="icon-user-avatar-default pm-user-avatar-icon pm-user-avatar-icon-8 pm-icon-md"> is not clickable at point (1378,24) because another element <div class="ReactModal__Overlay ReactModal__Overlay--after-open"> obscures it
Build info: version: '3.141.59', revision: 'e82be7d358', time: '2018-11-14T08:17:03'
System info: host: 'MHK-LENOVO1772', ip: '192.168.56.1', os.name: 'Windows 10', os.arch: 'amd64', os.version: '10.0', java.version: '1.8.0_144'
Driver info: org.openqa.selenium.firefox.FirefoxDriver
Capabilities {acceptInsecureCerts: true, browserName: firefox, browserVersion: 84.0.2, javascriptEnabled: true, moz:accessibilityChecks: false, moz:buildID: 20210105180113, moz:geckodriverVersion: 0.29.0, moz:headless: false, moz:processID: 27948, moz:profile: C:\Users\strego\AppData\Loc..., moz:shutdownTimeout: 60000, moz:useNonSpecCompliantPointerOrigin: false, moz:webdriverClick: true, pageLoadStrategy: normal, platform: WINDOWS, platformName: WINDOWS, platformVersion: 10.0, rotatable: false, setWindowRect: true, strictFileInteractability: false, timeouts: {implicit: 0, pageLoad: 300000, script: 30000}, unhandledPromptBehavior: dismiss and notify}
Session ID: f6a6e90a-8b77-4771-bf1c-ec378f6e941e
at sun.reflect.NativeConstructorAccessorImpl.newInstance0(Native Method)
at sun.reflect.NativeConstructorAccessorImpl.newInstance(NativeConstructorAccessorImpl.java:62)
at sun.reflect.DelegatingConstructorAccessorImpl.newInstance(DelegatingConstructorAccessorImpl.java:45)
at java.lang.reflect.Constructor.newInstance(Constructor.java:423)
at org.openqa.selenium.remote.http.W3CHttpResponseCodec.createException(W3CHttpResponseCodec.java:187)
at org.openqa.selenium.remote.http.W3CHttpResponseCodec.decode(W3CHttpResponseCodec.java:122)
at org.openqa.selenium.remote.http.W3CHttpResponseCodec.decode(W3CHttpResponseCodec.java:49)
at org.openqa.selenium.remote.HttpCommandExecutor.execute(HttpCommandExecutor.java:158)
at org.openqa.selenium.remote.service.DriverCommandExecutor.execute(DriverCommandExecutor.java:83)
at org.openqa.selenium.remote.RemoteWebDriver.execute(RemoteWebDriver.java:552)
at org.openqa.selenium.remote.RemoteWebElement.execute(RemoteWebElement.java:285)
at org.openqa.selenium.remote.RemoteWebElement.click(RemoteWebElement.java:84)
at com.postman.test.pom.BasePage.clickButton(BasePage.java:34)
at com.postman.test.pom.HomeTabPage.signOut(HomeTabPage.java:149)
at com.postman.test.selenium.SeleniumTest.testDeleteWorkspace(SeleniumTest.java:109)
at sun.reflect.NativeMethodAccessorImpl.invoke0(Native Method)
at sun.reflect.NativeMethodAccessorImpl.invoke(NativeMethodAccessorImpl.java:62)
at sun.reflect.DelegatingMethodAccessorImpl.invoke(DelegatingMethodAccessorImpl.java:43)
at java.lang.reflect.Method.invoke(Method.java:498)
at org.testng.internal.MethodInvocationHelper.invokeMethod(MethodInvocationHelper.java:133)
at org.testng.internal.TestInvoker.invokeMethod(TestInvoker.java:584)
at org.testng.internal.TestInvoker.invokeTestMethod(TestInvoker.java:172)
at org.testng.internal.MethodRunner.runInSequence(MethodRunner.java:46)
at org.testng.internal.TestInvoker$MethodInvocationAgent.invoke(TestInvoker.java:804)
at org.testng.internal.TestInvoker.invokeTestMethods(TestInvoker.java:145)
at org.testng.internal.TestMethodWorker.invokeTestMethods(TestMethodWorker.java:146)
at org.testng.internal.TestMethodWorker.run(TestMethodWorker.java:128)
at java.util.ArrayList.forEach(ArrayList.java:1249)
at org.testng.TestRunner.privateRun(TestRunner.java:770)
at org.testng.TestRunner.run(TestRunner.java:591)
at org.testng.SuiteRunner.runTest(SuiteRunner.java:402)
at org.testng.SuiteRunner.runSequentially(SuiteRunner.java:396)
at org.testng.SuiteRunner.privateRun(SuiteRunner.java:355)
at org.testng.SuiteRunner.run(SuiteRunner.java:304)
at org.testng.SuiteRunnerWorker.runSuite(SuiteRunnerWorker.java:53)
at org.testng.SuiteRunnerWorker.run(SuiteRunnerWorker.java:96)
at org.testng.TestNG.runSuitesSequentially(TestNG.java:1180)
at org.testng.TestNG.runSuitesLocally(TestNG.java:1102)
at org.testng.TestNG.runSuites(TestNG.java:1032)
at org.testng.TestNG.run(TestNG.java:1000)
at org.apache.maven.surefire.testng.TestNGExecutor.run(TestNGExecutor.java:283)
at org.apache.maven.surefire.testng.TestNGXmlTestSuite.execute(TestNGXmlTestSuite.java:75)
at org.apache.maven.surefire.testng.TestNGProvider.invoke(TestNGProvider.java:120)
at sun.reflect.NativeMethodAccessorImpl.invoke0(Native Method)
at sun.reflect.NativeMethodAccessorImpl.invoke(NativeMethodAccessorImpl.java:62)
at sun.reflect.DelegatingMethodAccessorImpl.invoke(DelegatingMethodAccessorImpl.java:43)
at java.lang.reflect.Method.invoke(Method.java:498)
at org.apache.maven.surefire.util.ReflectionUtils.invokeMethodWithArray2(ReflectionUtils.java:206)
at org.apache.maven.surefire.booter.ProviderFactory$ProviderProxy.invoke(ProviderFactory.java:160)
at org.apache.maven.surefire.booter.ProviderFactory.invokeProvider(ProviderFactory.java:83)
at org.apache.maven.plugin.surefire.InPluginVMSurefireStarter.runSuitesInProcess(InPluginVMSurefireStarter.java:87)
at org.apache.maven.plugin.surefire.AbstractSurefireMojo.executeProvider(AbstractSurefireMojo.java:1132)
at org.apache.maven.plugin.surefire.AbstractSurefireMojo.executeAfterPreconditionsChecked(AbstractSurefireMojo.java:978)
at org.apache.maven.plugin.surefire.AbstractSurefireMojo.execute(AbstractSurefireMojo.java:854)
at org.apache.maven.plugin.DefaultBuildPluginManager.executeMojo(DefaultBuildPluginManager.java:137)
at org.apache.maven.lifecycle.internal.MojoExecutor.execute(MojoExecutor.java:208)
at org.apache.maven.lifecycle.internal.MojoExecutor.execute(MojoExecutor.java:154)
at org.apache.maven.lifecycle.internal.MojoExecutor.execute(MojoExecutor.java:146)
at org.apache.maven.lifecycle.internal.LifecycleModuleBuilder.buildProject(LifecycleModuleBuilder.java:117)
at org.apache.maven.lifecycle.internal.LifecycleModuleBuilder.buildProject(LifecycleModuleBuilder.java:81)
at org.apache.maven.lifecycle.internal.builder.singlethreaded.SingleThreadedBuilder.build(SingleThreadedBuilder.java:56)
at org.apache.maven.lifecycle.internal.LifecycleStarter.execute(LifecycleStarter.java:128)
at org.apache.maven.DefaultMaven.doExecute(DefaultMaven.java:305)
at org.apache.maven.DefaultMaven.doExecute(DefaultMaven.java:192)
at org.apache.maven.DefaultMaven.execute(DefaultMaven.java:105)
at org.apache.maven.cli.MavenCli.execute(MavenCli.java:956)
at org.apache.maven.cli.MavenCli.doMain(MavenCli.java:290)
at org.apache.maven.cli.MavenCli.main(MavenCli.java:194)
at sun.reflect.NativeMethodAccessorImpl.invoke0(Native Method)
at sun.reflect.NativeMethodAccessorImpl.invoke(NativeMethodAccessorImpl.java:62)
at sun.reflect.DelegatingMethodAccessorImpl.invoke(DelegatingMethodAccessorImpl.java:43)
at java.lang.reflect.Method.invoke(Method.java:498)
at org.codehaus.plexus.classworlds.launcher.Launcher.launchEnhanced(Launcher.java:289)
at org.codehaus.plexus.classworlds.launcher.Launcher.launch(Launcher.java:229)
at org.codehaus.plexus.classworlds.launcher.Launcher.mainWithExitCode(Launcher.java:415)
at org.codehaus.plexus.classworlds.launcher.Launcher.main(Launcher.java:356)
]]>
            </full-stacktrace>
          </exception> <!-- org.openqa.selenium.ElementClickInterceptedException -->
          <reporter-output>
          </reporter-output>
        </test-method> <!-- testDeleteWorkspace -->
      </class> <!-- com.postman.test.selenium.SeleniumTest -->
    </test> <!-- Postman Tests - firefox -->
  </suite> <!-- Postman Tests -->
</testng-results>
