<?xml version="1.0" encoding="UTF-8"?>
<testsuite xmlns:xsi="http://www.w3.org/2001/XMLSchema-instance" xsi:noNamespaceSchemaLocation="https://maven.apache.org/surefire/maven-surefire-plugin/xsd/surefire-test-report.xsd" name="TestSuite" time="55.317" tests="4" errors="0" skipped="0" failures="0">
  <properties>
[...]
</properties>
  <testcase name="testCreateNewPersonalWorkspace" classname="com.postman.test.selenium.SeleniumTest" time="7.808"/>
  <testcase name="testReturnWorkspaceList" classname="com.postman.test.selenium.SeleniumTest" time="4.834"/>
  <testcase name="testUpdateWorkspace" classname="com.postman.test.selenium.SeleniumTest" time="5.658"/>
  <testcase name="testDeleteWorkspace" classname="com.postman.test.selenium.SeleniumTest" time="2.074"/>
</testsuite>