<?xml version="1.0" encoding="UTF-8"?>
<testng-results ignored="2" total="6" passed="4" failed="0" skipped="0">
  <reporter-output>
  </reporter-output>
  <suite started-at="2021-01-24T14:31:10 AST" name="Postman Tests" finished-at="2021-01-24T14:31:51 AST" duration-ms="40543">
    <groups>
    </groups>
    <test started-at="2021-01-24T14:31:10 AST" name="Postman Tests - chrome" finished-at="2021-01-24T14:31:51 AST" duration-ms="40543">
      <class name="com.postman.test.selenium.BaseTest">
        <test-method is-config="true" signature="suiteRun()[pri:0, instance:com.postman.test.selenium.BaseTest@14d81f2c]" started-at="2021-01-24T14:31:07 AST" name="suiteRun" finished-at="2021-01-24T14:31:10 AST" duration-ms="3470" status="PASS">
          <reporter-output>
          </reporter-output>
        </test-method> <!-- suiteRun -->
        <test-method is-config="true" signature="tearDown()[pri:0, instance:com.postman.test.selenium.BaseTest@14d81f2c]" started-at="2021-01-24T14:31:51 AST" name="tearDown" finished-at="2021-01-24T14:31:51 AST" duration-ms="92" status="PASS">
          <reporter-output>
          </reporter-output>
        </test-method> <!-- tearDown -->
      </class> <!-- com.postman.test.selenium.BaseTest -->
      <class name="com.postman.test.selenium.SeleniumTest">
        <test-method is-config="true" signature="logIn()[pri:0, instance:com.postman.test.selenium.SeleniumTest@7d3bcd3]" started-at="2021-01-24T14:31:10 AST" name="logIn" finished-at="2021-01-24T14:31:15 AST" duration-ms="5379" status="PASS">
          <reporter-output>
          </reporter-output>
        </test-method> <!-- logIn -->
        <test-method signature="testCreateNewPersonalWorkspace()[pri:1, instance:com.postman.test.selenium.SeleniumTest@7d3bcd3]" started-at="2021-01-24T14:31:15 AST" name="testCreateNewPersonalWorkspace" finished-at="2021-01-24T14:31:17 AST" duration-ms="2031" status="PASS">
          <reporter-output>
          </reporter-output>
        </test-method> <!-- testCreateNewPersonalWorkspace -->
        <test-method is-config="true" signature="logIn()[pri:0, instance:com.postman.test.selenium.SeleniumTest@7d3bcd3]" started-at="2021-01-24T14:31:17 AST" name="logIn" finished-at="2021-01-24T14:31:24 AST" duration-ms="6677" status="PASS">
          <reporter-output>
          </reporter-output>
        </test-method> <!-- logIn -->
        <test-method signature="testReturnWorkspaceList()[pri:2, instance:com.postman.test.selenium.SeleniumTest@7d3bcd3]" started-at="2021-01-24T14:31:24 AST" name="testReturnWorkspaceList" finished-at="2021-01-24T14:31:31 AST" depends-on-methods="com.postman.test.selenium.SeleniumTest.testCreateNewPersonalWorkspace" duration-ms="6913" status="PASS">
          <reporter-output>
          </reporter-output>
        </test-method> <!-- testReturnWorkspaceList -->
        <test-method is-config="true" signature="logIn()[pri:0, instance:com.postman.test.selenium.SeleniumTest@7d3bcd3]" started-at="2021-01-24T14:31:31 AST" name="logIn" finished-at="2021-01-24T14:31:37 AST" duration-ms="6109" status="PASS">
          <reporter-output>
          </reporter-output>
        </test-method> <!-- logIn -->
        <test-method signature="testUpdateWorkspace()[pri:3, instance:com.postman.test.selenium.SeleniumTest@7d3bcd3]" started-at="2021-01-24T14:31:37 AST" name="testUpdateWorkspace" finished-at="2021-01-24T14:31:41 AST" depends-on-methods="com.postman.test.selenium.SeleniumTest.testCreateNewPersonalWorkspace" duration-ms="4210" status="PASS">
          <reporter-output>
          </reporter-output>
        </test-method> <!-- testUpdateWorkspace -->
        <test-method is-config="true" signature="logIn()[pri:0, instance:com.postman.test.selenium.SeleniumTest@7d3bcd3]" started-at="2021-01-24T14:31:41 AST" name="logIn" finished-at="2021-01-24T14:31:48 AST" duration-ms="6474" status="PASS">
          <reporter-output>
          </reporter-output>
        </test-method> <!-- logIn -->
        <test-method signature="testDeleteWorkspace()[pri:4, instance:com.postman.test.selenium.SeleniumTest@7d3bcd3]" started-at="2021-01-24T14:31:48 AST" name="testDeleteWorkspace" finished-at="2021-01-24T14:31:51 AST" depends-on-methods="com.postman.test.selenium.SeleniumTest.testCreateNewPersonalWorkspace" duration-ms="2729" status="PASS">
          <reporter-output>
          </reporter-output>
        </test-method> <!-- testDeleteWorkspace -->
      </class> <!-- com.postman.test.selenium.SeleniumTest -->
    </test> <!-- Postman Tests - chrome -->
  </suite> <!-- Postman Tests -->
</testng-results>
