<?xml version="1.0" encoding="UTF-8"?>
<testsuite xmlns:xsi="http://www.w3.org/2001/XMLSchema-instance" xsi:noNamespaceSchemaLocation="https://maven.apache.org/surefire/maven-surefire-plugin/xsd/surefire-test-report.xsd" name="TestSuite" time="72.329" tests="4" errors="0" skipped="0" failures="1">
  <properties>
[...]
</properties>
  <testcase name="testCreateNewPersonalWorkspace" classname="com.postman.test.selenium.SeleniumTest" time="10.157"/>
  <testcase name="testReturnWorkspaceList" classname="com.postman.test.selenium.SeleniumTest" time="9.424"/>
  <testcase name="testUpdateWorkspace" classname="com.postman.test.selenium.SeleniumTest" time="9.48"/>
  <testcase name="testDeleteWorkspace" classname="com.postman.test.selenium.SeleniumTest" time="3.863">
    <failure message="Element &lt;span class=&quot;icon-user-avatar-default pm-user-avatar-icon pm-user-avatar-icon-8 pm-icon-md&quot;&gt; is not clickable at point (1378,24) because another element &lt;div class=&quot;ReactModal__Overlay ReactModal__Overlay--after-open&quot;&gt; obscures it&#10;Build info: version: &apos;3.141.59&apos;, revision: &apos;e82be7d358&apos;, time: &apos;2018-11-14T08:17:03&apos;&#10;System info: host: &apos;MHK-LENOVO1772&apos;, ip: &apos;192.168.56.1&apos;, os.name: &apos;Windows 10&apos;, os.arch: &apos;amd64&apos;, os.version: &apos;10.0&apos;, java.version: &apos;1.8.0_144&apos;&#10;Driver info: org.openqa.selenium.firefox.FirefoxDriver&#10;Capabilities {acceptInsecureCerts: true, browserName: firefox, browserVersion: 84.0.2, javascriptEnabled: true, moz:accessibilityChecks: false, moz:buildID: 20210105180113, moz:geckodriverVersion: 0.29.0, moz:headless: false, moz:processID: 27948, moz:profile: C:\Users\strego\AppData\Loc..., moz:shutdownTimeout: 60000, moz:useNonSpecCompliantPointerOrigin: false, moz:webdriverClick: true, pageLoadStrategy: normal, platform: WINDOWS, platformName: WINDOWS, platformVersion: 10.0, rotatable: false, setWindowRect: true, strictFileInteractability: false, timeouts: {implicit: 0, pageLoad: 300000, script: 30000}, unhandledPromptBehavior: dismiss and notify}&#10;Session ID: f6a6e90a-8b77-4771-bf1c-ec378f6e941e" type="org.openqa.selenium.ElementClickInterceptedException"><![CDATA[org.openqa.selenium.ElementClickInterceptedException: 
Element <span class="icon-user-avatar-default pm-user-avatar-icon pm-user-avatar-icon-8 pm-icon-md"> is not clickable at point (1378,24) because another element <div class="ReactModal__Overlay ReactModal__Overlay--after-open"> obscures it
Build info: version: '3.141.59', revision: 'e82be7d358', time: '2018-11-14T08:17:03'
System info: host: 'MHK-LENOVO1772', ip: '192.168.56.1', os.name: 'Windows 10', os.arch: 'amd64', os.version: '10.0', java.version: '1.8.0_144'
Driver info: org.openqa.selenium.firefox.FirefoxDriver
Capabilities {acceptInsecureCerts: true, browserName: firefox, browserVersion: 84.0.2, javascriptEnabled: true, moz:accessibilityChecks: false, moz:buildID: 20210105180113, moz:geckodriverVersion: 0.29.0, moz:headless: false, moz:processID: 27948, moz:profile: C:\Users\strego\AppData\Loc..., moz:shutdownTimeout: 60000, moz:useNonSpecCompliantPointerOrigin: false, moz:webdriverClick: true, pageLoadStrategy: normal, platform: WINDOWS, platformName: WINDOWS, platformVersion: 10.0, rotatable: false, setWindowRect: true, strictFileInteractability: false, timeouts: {implicit: 0, pageLoad: 300000, script: 30000}, unhandledPromptBehavior: dismiss and notify}
Session ID: f6a6e90a-8b77-4771-bf1c-ec378f6e941e
	at com.postman.test.selenium.SeleniumTest.testDeleteWorkspace(SeleniumTest.java:109)
]]></failure>
    <system-out><![CDATA[[INFO ] 2021-01-20 09:34:10.694 com.postman.test.selenium.SeleniumTest - Logging into Postman.
[INFO ] 2021-01-20 09:34:10.697 com.postman.test.selenium.SeleniumTest - Here is the test data: TestData [yourWorkspacesTitle=Your Workspaces, createARequestText=Create a request, newWorkspaceName=Sean New Workspace, newWorkspaceSummary=Sean New Workspace Summary, newWorkspaceVisability=Personal, updateWorkspaceName=Sean Updated Workspace, updateWorkspaceSummary=Sean Updated Summary, updateWorkspaceDescription=Sean Updated Description]
[INFO ] 2021-01-20 09:34:10.699 com.postman.test.selenium.SeleniumTest - Entering email or username.
[INFO ] 2021-01-20 09:34:10.822 com.postman.test.selenium.SeleniumTest - Entering password.
[INFO ] 2021-01-20 09:34:10.867 com.postman.test.selenium.SeleniumTest - Click sign in.
[INFO ] 2021-01-20 09:34:16.201 com.postman.test.selenium.SeleniumTest - Start of Deleting Workspace Test.
[INFO ] 2021-01-20 09:34:16.201 com.postman.test.selenium.SeleniumTest - And I delete the workspace.
[INFO ] 2021-01-20 09:34:19.882 com.postman.test.selenium.SeleniumTest - And I log out of the application.
]]></system-out>
    <system-err><![CDATA[JavaScript error: https://st-ar.cdn.postman.com/requester-8e153723236a024c5762.min.js, line 1308: Error: ConfigurationService: Could not get config. Key does not exist
]]></system-err>
  </testcase>
</testsuite>